# JRE version: Java(TM) SE Runtime Environment (15.0.2+7) (build 15.0.2+7-27)
# Java VM: Java HotSpot(TM) 64-Bit Server VM (15.0.2+7-27, mixed mode, sharing, tiered, g1 gc, windows-amd64)
GC Precious Log:
 CPUs: 12 total, 12 available
 Memory: 16215M
 Large Page Support: Disabled
 NUMA Support: Disabled
 Compressed Oops: Disabled
 Heap Region Size: 32M
 Heap Min Capacity: 32M
 Heap Initial Capacity: 256M
 Heap Max Capacity: 116G
 Pre-touch: Disabled
 Parallel Workers: 10
 Concurrent Workers: 3
 Concurrent Refinement Workers: 10
 Periodic GC: Disabled
Heap:
 garbage-first heap   total 34045952K, used 5695625K [0x0000028100000000, 0x0000029e00000000)
  region size 32768K, 4 young (131072K), 4 survivors (131072K)
 Metaspace       used 659K, capacity 4603K, committed 4864K, reserved 1056768K
  class space    used 47K, capacity 425K, committed 512K, reserved 1048576K
GC Heap History (20 events):
Event: 89.710 GC heap after
{Heap after GC invocations=43 (full 0):
 garbage-first heap   total 13402112K, used 4660205K [0x0000028100000000, 0x0000029e00000000)
  region size 32768K, 3 young (98304K), 3 survivors (98304K)
 Metaspace       used 639K, capacity 4603K, committed 4864K, reserved 1056768K
  class space    used 47K, capacity 425K, committed 512K, reserved 1048576K
}
Event: 97.503 GC heap before
{Heap before GC invocations=43 (full 0):
 garbage-first heap   total 13402112K, used 8264685K [0x0000028100000000, 0x0000029e00000000)
  region size 32768K, 113 young (3702784K), 3 survivors (98304K)
 Metaspace       used 642K, capacity 4603K, committed 4864K, reserved 1056768K
  class space    used 47K, capacity 425K, committed 512K, reserved 1048576K
}
Event: 97.587 GC heap after
{Heap after GC invocations=44 (full 0):
 garbage-first heap   total 13402112K, used 4869668K [0x0000028100000000, 0x0000029e00000000)
  region size 32768K, 9 young (294912K), 9 survivors (294912K)
 Metaspace       used 642K, capacity 4603K, committed 4864K, reserved 1056768K
  class space    used 47K, capacity 425K, committed 512K, reserved 1048576K
}
Event: 101.504 GC heap before
{Heap before GC invocations=44 (full 0):
 garbage-first heap   total 13402112K, used 7228964K [0x0000028100000000, 0x0000029e00000000)
  region size 32768K, 80 young (2621440K), 9 survivors (294912K)
 Metaspace       used 642K, capacity 4603K, committed 4864K, reserved 1056768K
  class space    used 47K, capacity 425K, committed 512K, reserved 1048576K
}
Event: 101.666 GC heap after
{Heap after GC invocations=45 (full 0):
 garbage-first heap   total 13402112K, used 5050150K [0x0000028100000000, 0x0000029e00000000)
  region size 32768K, 5 young (163840K), 5 survivors (163840K)
 Metaspace       used 642K, capacity 4603K, committed 4864K, reserved 1056768K
  class space    used 47K, capacity 425K, committed 512K, reserved 1048576K
}
Event: 107.438 GC heap before
{Heap before GC invocations=45 (full 0):
 garbage-first heap   total 13402112K, used 8884006K [0x0000028100000000, 0x0000029e00000000)
  region size 32768K, 122 young (3997696K), 5 survivors (163840K)
 Metaspace       used 644K, capacity 4603K, committed 4864K, reserved 1056768K
  class space    used 47K, capacity 425K, committed 512K, reserved 1048576K
}
Event: 107.655 GC heap after
{Heap after GC invocations=46 (full 0):
 garbage-first heap   total 17399808K, used 5279676K [0x0000028100000000, 0x0000029e00000000)
  region size 32768K, 12 young (393216K), 12 survivors (393216K)
 Metaspace       used 644K, capacity 4603K, committed 4864K, reserved 1056768K
  class space    used 47K, capacity 425K, committed 512K, reserved 1048576K
}
Event: 108.886 GC heap before
{Heap before GC invocations=46 (full 0):
 garbage-first heap   total 17399808K, used 5738428K [0x0000028100000000, 0x0000029e00000000)
  region size 32768K, 26 young (851968K), 12 survivors (393216K)
 Metaspace       used 644K, capacity 4603K, committed 4864K, reserved 1056768K
  class space    used 47K, capacity 425K, committed 512K, reserved 1048576K
}
Event: 110.034 GC heap after
{Heap after GC invocations=47 (full 0):
 garbage-first heap   total 17399808K, used 5333393K [0x0000028100000000, 0x0000029e00000000)
  region size 32768K, 2 young (65536K), 2 survivors (65536K)
 Metaspace       used 644K, capacity 4603K, committed 4864K, reserved 1056768K
  class space    used 47K, capacity 425K, committed 512K, reserved 1048576K
}
Event: 112.064 GC heap before
{Heap before GC invocations=47 (full 0):
 garbage-first heap   total 17399808K, used 6119825K [0x0000028100000000, 0x0000029e00000000)
  region size 32768K, 26 young (851968K), 2 survivors (65536K)
 Metaspace       used 644K, capacity 4603K, committed 4864K, reserved 1056768K
  class space    used 47K, capacity 425K, committed 512K, reserved 1048576K
}
Event: 112.105 GC heap after
{Heap after GC invocations=48 (full 0):
 garbage-first heap   total 17399808K, used 5342490K [0x0000028100000000, 0x0000029e00000000)
  region size 32768K, 3 young (98304K), 3 survivors (98304K)
 Metaspace       used 644K, capacity 4603K, committed 4864K, reserved 1056768K
  class space    used 47K, capacity 425K, committed 512K, reserved 1048576K
}
Event: 113.702 GC heap before
{Heap before GC invocations=48 (full 0):
 garbage-first heap   total 17399808K, used 6096154K [0x0000028100000000, 0x0000029e00000000)
  region size 32768K, 26 young (851968K), 3 survivors (98304K)
 Metaspace       used 646K, capacity 4603K, committed 4864K, reserved 1056768K
  class space    used 47K, capacity 425K, committed 512K, reserved 1048576K
}
Event: 113.733 GC heap after
{Heap after GC invocations=49 (full 0):
 garbage-first heap   total 17399808K, used 5376069K [0x0000028100000000, 0x0000029e00000000)
  region size 32768K, 4 young (131072K), 4 survivors (131072K)
 Metaspace       used 646K, capacity 4603K, committed 4864K, reserved 1056768K
  class space    used 47K, capacity 425K, committed 512K, reserved 1048576K
}
Event: 114.805 GC heap before
{Heap before GC invocations=49 (full 0):
 garbage-first heap   total 17399808K, used 6096965K [0x0000028100000000, 0x0000029e00000000)
  region size 32768K, 26 young (851968K), 4 survivors (131072K)
 Metaspace       used 646K, capacity 4603K, committed 4864K, reserved 1056768K
  class space    used 47K, capacity 425K, committed 512K, reserved 1048576K
}
Event: 114.855 GC heap after
{Heap after GC invocations=50 (full 0):
 garbage-first heap   total 17399808K, used 5421485K [0x0000028100000000, 0x0000029e00000000)
  region size 32768K, 3 young (98304K), 3 survivors (98304K)
 Metaspace       used 646K, capacity 4603K, committed 4864K, reserved 1056768K
  class space    used 47K, capacity 425K, committed 512K, reserved 1048576K
}
Event: 118.956 GC heap before
{Heap before GC invocations=50 (full 0):
 garbage-first heap   total 17399808K, used 7125421K [0x0000028100000000, 0x0000029e00000000)
  region size 32768K, 52 young (1703936K), 3 survivors (98304K)
 Metaspace       used 646K, capacity 4603K, committed 4864K, reserved 1056768K
  class space    used 47K, capacity 425K, committed 512K, reserved 1048576K
}
Event: 119.432 GC heap after
{Heap after GC invocations=51 (full 0):
 garbage-first heap   total 17399808K, used 5595220K [0x0000028100000000, 0x0000029e00000000)
  region size 32768K, 5 young (163840K), 5 survivors (163840K)
 Metaspace       used 646K, capacity 4603K, committed 4864K, reserved 1056768K
  class space    used 47K, capacity 425K, committed 512K, reserved 1048576K
}
Event: 120.993 GC heap before
{Heap before GC invocations=51 (full 0):
 garbage-first heap   total 17399808K, used 6283348K [0x0000028100000000, 0x0000029e00000000)
  region size 32768K, 26 young (851968K), 5 survivors (163840K)
 Metaspace       used 646K, capacity 4603K, committed 4864K, reserved 1056768K
  class space    used 47K, capacity 425K, committed 512K, reserved 1048576K
}
Event: 121.073 GC heap after
{Heap after GC invocations=52 (full 0):
 garbage-first heap   total 17399808K, used 5642286K [0x0000028100000000, 0x0000029e00000000)
  region size 32768K, 2 young (65536K), 2 survivors (65536K)
 Metaspace       used 646K, capacity 4603K, committed 4864K, reserved 1056768K
  class space    used 47K, capacity 425K, committed 512K, reserved 1048576K
}
Event: 123.417 GC heap before
{Heap before GC invocations=52 (full 0):
 garbage-first heap   total 17399808K, used 6854702K [0x0000028100000000, 0x0000029e00000000)
  region size 32768K, 39 young (1277952K), 2 survivors (65536K)
 Metaspace       used 659K, capacity 4603K, committed 4864K, reserved 1056768K
  class space    used 47K, capacity 425K, committed 512K, reserved 1048576K
}

