# JRE version: Java(TM) SE Runtime Environment (15.0.2+7) (build 15.0.2+7-27)
# Java VM: Java HotSpot(TM) 64-Bit Server VM (15.0.2+7-27, mixed mode, sharing, tiered, g1 gc, windows-amd64)
GC Precious Log:
 CPUs: 12 total, 12 available
 Memory: 16215M
 Large Page Support: Disabled
 NUMA Support: Disabled
 Compressed Oops: Disabled
 Heap Region Size: 32M
 Heap Min Capacity: 32M
 Heap Initial Capacity: 256M
 Heap Max Capacity: 116G
 Pre-touch: Disabled
 Parallel Workers: 10
 Concurrent Workers: 3
 Concurrent Refinement Workers: 10
 Periodic GC: Disabled
Heap:
 garbage-first heap   total 36241408K, used 4016657K [0x000001e7f2000000, 0x00000204f2000000)
  region size 32768K, 3 young (98304K), 3 survivors (98304K)
 Metaspace       used 597K, capacity 4603K, committed 4864K, reserved 1056768K
  class space    used 47K, capacity 425K, committed 512K, reserved 1048576K
GC Heap History (20 events):
Event: 43.211 GC heap after
{Heap after GC invocations=33 (full 0):
 garbage-first heap   total 13533184K, used 2883264K [0x000001e7f2000000, 0x00000204f2000000)
  region size 32768K, 5 young (163840K), 5 survivors (163840K)
 Metaspace       used 594K, capacity 4603K, committed 4864K, reserved 1056768K
  class space    used 47K, capacity 425K, committed 512K, reserved 1048576K
}
Event: 47.850 GC heap before
{Heap before GC invocations=33 (full 0):
 garbage-first heap   total 13533184K, used 4816576K [0x000001e7f2000000, 0x00000204f2000000)
  region size 32768K, 62 young (2031616K), 5 survivors (163840K)
 Metaspace       used 594K, capacity 4603K, committed 4864K, reserved 1056768K
  class space    used 47K, capacity 425K, committed 512K, reserved 1048576K
}
Event: 47.924 GC heap after
{Heap after GC invocations=34 (full 0):
 garbage-first heap   total 13533184K, used 3023581K [0x000001e7f2000000, 0x00000204f2000000)
  region size 32768K, 8 young (262144K), 8 survivors (262144K)
 Metaspace       used 594K, capacity 4603K, committed 4864K, reserved 1056768K
  class space    used 47K, capacity 425K, committed 512K, reserved 1048576K
}
Event: 50.296 GC heap before
{Heap before GC invocations=34 (full 0):
 garbage-first heap   total 13533184K, used 5087965K [0x000001e7f2000000, 0x00000204f2000000)
  region size 32768K, 71 young (2326528K), 8 survivors (262144K)
 Metaspace       used 597K, capacity 4603K, committed 4864K, reserved 1056768K
  class space    used 47K, capacity 425K, committed 512K, reserved 1048576K
}
Event: 50.432 GC heap after
{Heap after GC invocations=35 (full 0):
 garbage-first heap   total 13533184K, used 3137493K [0x000001e7f2000000, 0x00000204f2000000)
  region size 32768K, 8 young (262144K), 8 survivors (262144K)
 Metaspace       used 597K, capacity 4603K, committed 4864K, reserved 1056768K
  class space    used 47K, capacity 425K, committed 512K, reserved 1048576K
}
Event: 52.935 GC heap before
{Heap before GC invocations=35 (full 0):
 garbage-first heap   total 13533184K, used 5267413K [0x000001e7f2000000, 0x00000204f2000000)
  region size 32768K, 72 young (2359296K), 8 survivors (262144K)
 Metaspace       used 597K, capacity 4603K, committed 4864K, reserved 1056768K
  class space    used 47K, capacity 425K, committed 512K, reserved 1048576K
}
Event: 53.037 GC heap after
{Heap after GC invocations=36 (full 0):
 garbage-first heap   total 13533184K, used 3299574K [0x000001e7f2000000, 0x00000204f2000000)
  region size 32768K, 8 young (262144K), 8 survivors (262144K)
 Metaspace       used 597K, capacity 4603K, committed 4864K, reserved 1056768K
  class space    used 47K, capacity 425K, committed 512K, reserved 1048576K
}
Event: 57.435 GC heap before
{Heap before GC invocations=36 (full 0):
 garbage-first heap   total 13533184K, used 6445302K [0x000001e7f2000000, 0x00000204f2000000)
  region size 32768K, 104 young (3407872K), 8 survivors (262144K)
 Metaspace       used 597K, capacity 4603K, committed 4864K, reserved 1056768K
  class space    used 47K, capacity 425K, committed 512K, reserved 1048576K
}
Event: 57.988 GC heap after
{Heap after GC invocations=37 (full 0):
 garbage-first heap   total 19464192K, used 3508548K [0x000001e7f2000000, 0x00000204f2000000)
  region size 32768K, 11 young (360448K), 11 survivors (360448K)
 Metaspace       used 597K, capacity 4603K, committed 4864K, reserved 1056768K
  class space    used 47K, capacity 425K, committed 512K, reserved 1048576K
}
Event: 59.830 GC heap before
{Heap before GC invocations=37 (full 0):
 garbage-first heap   total 19464192K, used 4098372K [0x000001e7f2000000, 0x00000204f2000000)
  region size 32768K, 29 young (950272K), 11 survivors (360448K)
 Metaspace       used 597K, capacity 4603K, committed 4864K, reserved 1056768K
  class space    used 47K, capacity 425K, committed 512K, reserved 1048576K
}
Event: 60.156 GC heap after
{Heap after GC invocations=38 (full 0):
 garbage-first heap   total 19464192K, used 3562446K [0x000001e7f2000000, 0x00000204f2000000)
  region size 32768K, 2 young (65536K), 2 survivors (65536K)
 Metaspace       used 597K, capacity 4603K, committed 4864K, reserved 1056768K
  class space    used 47K, capacity 425K, committed 512K, reserved 1048576K
}
Event: 62.308 GC heap before
{Heap before GC invocations=38 (full 0):
 garbage-first heap   total 19464192K, used 4807630K [0x000001e7f2000000, 0x00000204f2000000)
  region size 32768K, 40 young (1310720K), 2 survivors (65536K)
 Metaspace       used 597K, capacity 4603K, committed 4864K, reserved 1056768K
  class space    used 47K, capacity 425K, committed 512K, reserved 1048576K
}
Event: 62.347 GC heap after
{Heap after GC invocations=39 (full 0):
 garbage-first heap   total 19464192K, used 3629029K [0x000001e7f2000000, 0x00000204f2000000)
  region size 32768K, 4 young (131072K), 4 survivors (131072K)
 Metaspace       used 597K, capacity 4603K, committed 4864K, reserved 1056768K
  class space    used 47K, capacity 425K, committed 512K, reserved 1048576K
}
Event: 64.121 GC heap before
{Heap before GC invocations=39 (full 0):
 garbage-first heap   total 19464192K, used 4874213K [0x000001e7f2000000, 0x00000204f2000000)
  region size 32768K, 42 young (1376256K), 4 survivors (131072K)
 Metaspace       used 597K, capacity 4603K, committed 4864K, reserved 1056768K
  class space    used 47K, capacity 425K, committed 512K, reserved 1048576K
}
Event: 64.189 GC heap after
{Heap after GC invocations=40 (full 0):
 garbage-first heap   total 19464192K, used 3718589K [0x000001e7f2000000, 0x00000204f2000000)
  region size 32768K, 6 young (196608K), 6 survivors (196608K)
 Metaspace       used 597K, capacity 4603K, committed 4864K, reserved 1056768K
  class space    used 47K, capacity 425K, committed 512K, reserved 1048576K
}
Event: 65.570 GC heap before
{Heap before GC invocations=40 (full 0):
 garbage-first heap   total 19464192K, used 4963773K [0x000001e7f2000000, 0x00000204f2000000)
  region size 32768K, 44 young (1441792K), 6 survivors (196608K)
 Metaspace       used 597K, capacity 4603K, committed 4864K, reserved 1056768K
  class space    used 47K, capacity 425K, committed 512K, reserved 1048576K
}
Event: 65.643 GC heap after
{Heap after GC invocations=41 (full 0):
 garbage-first heap   total 19464192K, used 3805364K [0x000001e7f2000000, 0x00000204f2000000)
  region size 32768K, 6 young (196608K), 6 survivors (196608K)
 Metaspace       used 597K, capacity 4603K, committed 4864K, reserved 1056768K
  class space    used 47K, capacity 425K, committed 512K, reserved 1048576K
}
Event: 68.930 GC heap before
{Heap before GC invocations=41 (full 0):
 garbage-first heap   total 19464192K, used 6033588K [0x000001e7f2000000, 0x00000204f2000000)
  region size 32768K, 74 young (2424832K), 6 survivors (196608K)
 Metaspace       used 597K, capacity 4603K, committed 4864K, reserved 1056768K
  class space    used 47K, capacity 425K, committed 512K, reserved 1048576K
}
Event: 69.177 GC heap after
{Heap after GC invocations=42 (full 0):
 garbage-first heap   total 19464192K, used 3952746K [0x000001e7f2000000, 0x00000204f2000000)
  region size 32768K, 10 young (327680K), 10 survivors (327680K)
 Metaspace       used 597K, capacity 4603K, committed 4864K, reserved 1056768K
  class space    used 47K, capacity 425K, committed 512K, reserved 1048576K
}
Event: 70.997 GC heap before
{Heap before GC invocations=42 (full 0):
 garbage-first heap   total 19464192K, used 4575338K [0x000001e7f2000000, 0x00000204f2000000)
  region size 32768K, 29 young (950272K), 10 survivors (327680K)
 Metaspace       used 597K, capacity 4603K, committed 4864K, reserved 1056768K
  class space    used 47K, capacity 425K, committed 512K, reserved 1048576K
}

